[11:56:17] [Server thread/INFO]: Starting minecraft server version 1.14.4
[11:56:17] [Server thread/INFO]: Loading properties
[11:56:17] [Server thread/INFO]: This server is running Paper version git-Paper-238 (MC: 1.14.4) (Implementing API version 1.14.4-R0.1-SNAPSHOT)
[11:56:17] [Server thread/INFO]: Debug logging is disabled
[11:56:17] [Server thread/INFO]: Server Ping Player Sample Count: 12
[11:56:17] [Server thread/INFO]: Using 4 threads for Netty based IO
[11:56:18] [Server thread/INFO]: Default game type: SURVIVAL
[11:56:18] [Server thread/INFO]: Generating keypair
[11:56:18] [Server thread/INFO]: Starting Minecraft server on *:25565
[11:56:18] [Server thread/INFO]: Using epoll channel type
[11:56:19] [Server thread/INFO]: Server permissions file permissions.yml is empty, ignoring it
[11:56:19] [Server thread/INFO]: Preparing level "world"
[11:56:19] [Server thread/INFO]: Reloading ResourceManager: Default, bukkit
[11:56:55] [Server thread/INFO]: Loaded 6 recipes
[11:56:55] [Server thread/INFO]: -------- World Settings For [world] --------
[11:56:55] [Server thread/INFO]: Experience Merge Radius: 3.0
[11:56:55] [Server thread/INFO]: Mob Spawn Range: 8
[11:56:55] [Server thread/INFO]: Cactus Growth Modifier: 100%
[11:56:55] [Server thread/INFO]: Cane Growth Modifier: 100%
[11:56:55] [Server thread/INFO]: Melon Growth Modifier: 100%
[11:56:55] [Server thread/INFO]: Mushroom Growth Modifier: 100%
[11:56:55] [Server thread/INFO]: Pumpkin Growth Modifier: 100%
[11:56:55] [Server thread/INFO]: Sapling Growth Modifier: 100%
[11:56:55] [Server thread/INFO]: Beetroot Growth Modifier: 100%
[11:56:55] [Server thread/INFO]: Carrot Growth Modifier: 100%
[11:56:55] [Server thread/INFO]: Potato Growth Modifier: 100%
[11:56:55] [Server thread/INFO]: Wheat Growth Modifier: 100%
[11:56:55] [Server thread/INFO]: NetherWart Growth Modifier: 100%
[11:56:55] [Server thread/INFO]: Vine Growth Modifier: 100%
[11:56:55] [Server thread/INFO]: Cocoa Growth Modifier: 100%
[11:56:55] [Server thread/INFO]: Bamboo Growth Modifier: 100%
[11:56:55] [Server thread/INFO]: SweetBerry Growth Modifier: 100%
[11:56:55] [Server thread/INFO]: Kelp Growth Modifier: 100%
[11:56:55] [Server thread/INFO]: Entity Activation Range: An 32 / Mo 32 / Ra 48 / Mi 16 / Tiv true
[11:56:55] [Server thread/INFO]: Entity Tracking Range: Pl 48 / An 48 / Mo 48 / Mi 32 / Other 64
[11:56:55] [Server thread/INFO]: Hopper Transfer: 8 Hopper Check: 1 Hopper Amount: 1
[11:56:55] [Server thread/INFO]: Custom Map Seeds:  Village: 10387312 Desert: 14357617 Igloo: 14357618 Jungle: 14357619 Swamp: 14357620 Monument: 10387313Ocean: 14357621 Shipwreck: 165745295 Slime: 987234911
[11:56:55] [Server thread/INFO]: Max TNT Explosions: 100
[11:56:55] [Server thread/INFO]: Tile Max Tick Time: 50ms Entity max Tick Time: 50ms
[11:56:55] [Server thread/INFO]: View Distance: 10
[11:56:55] [Server thread/INFO]: Arrow Despawn Rate: 1200
[11:56:55] [Server thread/INFO]: Allow Zombie Pigmen to spawn from portal blocks: true
[11:56:55] [Server thread/INFO]: Item Merge Radius: 2.5
[11:56:55] [Server thread/INFO]: Item Despawn Rate: 6000
[11:56:55] [Server thread/INFO]: Zombie Aggressive Towards Villager: true
[11:56:55] [Server thread/INFO]: Nerfing mobs spawned from spawners: false
[11:56:56] [Server thread/INFO]: -------- World Settings For [world_nether] --------
[11:56:56] [Server thread/INFO]: Experience Merge Radius: 3.0
[11:56:56] [Server thread/INFO]: Mob Spawn Range: 8
[11:56:56] [Server thread/INFO]: Cactus Growth Modifier: 100%
[11:56:56] [Server thread/INFO]: Cane Growth Modifier: 100%
[11:56:56] [Server thread/INFO]: Melon Growth Modifier: 100%
[11:56:56] [Server thread/INFO]: Mushroom Growth Modifier: 100%
[11:56:56] [Server thread/INFO]: Pumpkin Growth Modifier: 100%
[11:56:56] [Server thread/INFO]: Sapling Growth Modifier: 100%
[11:56:56] [Server thread/INFO]: Beetroot Growth Modifier: 100%
[11:56:56] [Server thread/INFO]: Carrot Growth Modifier: 100%
[11:56:56] [Server thread/INFO]: Potato Growth Modifier: 100%
[11:56:56] [Server thread/INFO]: Wheat Growth Modifier: 100%
[11:56:56] [Server thread/INFO]: NetherWart Growth Modifier: 100%
[11:56:56] [Server thread/INFO]: Vine Growth Modifier: 100%
[11:56:56] [Server thread/INFO]: Cocoa Growth Modifier: 100%
[11:56:56] [Server thread/INFO]: Bamboo Growth Modifier: 100%
[11:56:56] [Server thread/INFO]: SweetBerry Growth Modifier: 100%
[11:56:56] [Server thread/INFO]: Kelp Growth Modifier: 100%
[11:56:56] [Server thread/INFO]: Entity Activation Range: An 32 / Mo 32 / Ra 48 / Mi 16 / Tiv true
[11:56:56] [Server thread/INFO]: Entity Tracking Range: Pl 48 / An 48 / Mo 48 / Mi 32 / Other 64
[11:56:56] [Server thread/INFO]: Hopper Transfer: 8 Hopper Check: 1 Hopper Amount: 1
[11:56:56] [Server thread/INFO]: Custom Map Seeds:  Village: 10387312 Desert: 14357617 Igloo: 14357618 Jungle: 14357619 Swamp: 14357620 Monument: 10387313Ocean: 14357621 Shipwreck: 165745295 Slime: 987234911
[11:56:56] [Server thread/INFO]: Max TNT Explosions: 100
[11:56:56] [Server thread/INFO]: Tile Max Tick Time: 50ms Entity max Tick Time: 50ms
[11:56:56] [Server thread/INFO]: View Distance: 10
[11:56:56] [Server thread/INFO]: Arrow Despawn Rate: 1200
[11:56:56] [Server thread/INFO]: Allow Zombie Pigmen to spawn from portal blocks: true
[11:56:56] [Server thread/INFO]: Item Merge Radius: 2.5
[11:56:56] [Server thread/INFO]: Item Despawn Rate: 6000
[11:56:56] [Server thread/INFO]: Zombie Aggressive Towards Villager: true
[11:56:56] [Server thread/INFO]: Nerfing mobs spawned from spawners: false
[11:56:56] [Server thread/INFO]: -------- World Settings For [world_the_end] --------
[11:56:56] [Server thread/INFO]: Experience Merge Radius: 3.0
[11:56:56] [Server thread/INFO]: Mob Spawn Range: 8
[11:56:56] [Server thread/INFO]: Cactus Growth Modifier: 100%
[11:56:56] [Server thread/INFO]: Cane Growth Modifier: 100%
[11:56:56] [Server thread/INFO]: Melon Growth Modifier: 100%
[11:56:56] [Server thread/INFO]: Mushroom Growth Modifier: 100%
[11:56:56] [Server thread/INFO]: Pumpkin Growth Modifier: 100%
[11:56:56] [Server thread/INFO]: Sapling Growth Modifier: 100%
[11:56:56] [Server thread/INFO]: Beetroot Growth Modifier: 100%
[11:56:56] [Server thread/INFO]: Carrot Growth Modifier: 100%
[11:56:56] [Server thread/INFO]: Potato Growth Modifier: 100%
[11:56:56] [Server thread/INFO]: Wheat Growth Modifier: 100%
[11:56:56] [Server thread/INFO]: NetherWart Growth Modifier: 100%
[11:56:56] [Server thread/INFO]: Vine Growth Modifier: 100%
[11:56:56] [Server thread/INFO]: Cocoa Growth Modifier: 100%
[11:56:56] [Server thread/INFO]: Bamboo Growth Modifier: 100%
[11:56:56] [Server thread/INFO]: SweetBerry Growth Modifier: 100%
[11:56:56] [Server thread/INFO]: Kelp Growth Modifier: 100%
[11:56:56] [Server thread/INFO]: Entity Activation Range: An 32 / Mo 32 / Ra 48 / Mi 16 / Tiv true
[11:56:56] [Server thread/INFO]: Entity Tracking Range: Pl 48 / An 48 / Mo 48 / Mi 32 / Other 64
[11:56:56] [Server thread/INFO]: Hopper Transfer: 8 Hopper Check: 1 Hopper Amount: 1
[11:56:56] [Server thread/INFO]: Custom Map Seeds:  Village: 10387312 Desert: 14357617 Igloo: 14357618 Jungle: 14357619 Swamp: 14357620 Monument: 10387313Ocean: 14357621 Shipwreck: 165745295 Slime: 987234911
[11:56:56] [Server thread/INFO]: Max TNT Explosions: 100
[11:56:56] [Server thread/INFO]: Tile Max Tick Time: 50ms Entity max Tick Time: 50ms
[11:56:56] [Server thread/INFO]: View Distance: 10
[11:56:56] [Server thread/INFO]: Arrow Despawn Rate: 1200
[11:56:56] [Server thread/INFO]: Allow Zombie Pigmen to spawn from portal blocks: true
[11:56:56] [Server thread/INFO]: Item Merge Radius: 2.5
[11:56:56] [Server thread/INFO]: Item Despawn Rate: 6000
[11:56:56] [Server thread/INFO]: Zombie Aggressive Towards Villager: true
[11:56:56] [Server thread/INFO]: Nerfing mobs spawned from spawners: false
[11:56:56] [Server thread/INFO]: Preparing start region for dimension 'world'/minecraft:overworld
[11:56:56] [Server thread/INFO]: Preparing spawn area: 0%
[11:56:56] [Server thread/INFO]: Preparing spawn area: 0%
[11:56:57] [Server thread/INFO]: Preparing spawn area: 0%
[11:56:57] [Server thread/INFO]: Preparing spawn area: 1%
[11:56:58] [Server thread/INFO]: Preparing spawn area: 12%
[11:57:02] [Server-Worker-2/INFO]: Preparing spawn area: 12%
[11:57:02] [Server-Worker-1/INFO]: Preparing spawn area: 12%
[11:57:02] [Server-Worker-1/INFO]: Preparing spawn area: 12%
[11:57:02] [Server-Worker-1/INFO]: Preparing spawn area: 12%
[11:57:02] [Server-Worker-1/INFO]: Preparing spawn area: 12%
[11:57:02] [Server-Worker-1/INFO]: Preparing spawn area: 12%
[11:57:02] [Server-Worker-1/INFO]: Preparing spawn area: 12%
[11:57:02] [Server-Worker-2/INFO]: Preparing spawn area: 12%
[11:57:02] [Server-Worker-2/INFO]: Preparing spawn area: 100%
[11:57:03] [Server-Worker-1/INFO]: Preparing spawn area: 100%
[11:57:03] [Server-Worker-2/INFO]: Preparing spawn area: 100%
[11:57:04] [Server-Worker-1/INFO]: Preparing spawn area: 100%
[11:57:04] [Server-Worker-1/INFO]: Preparing spawn area: 100%
[11:57:05] [Server-Worker-2/INFO]: Preparing spawn area: 100%
[11:57:05] [Server-Worker-1/INFO]: Preparing spawn area: 100%
[11:57:06] [Server-Worker-2/INFO]: Preparing spawn area: 100%
[11:57:06] [Server-Worker-2/INFO]: Preparing spawn area: 100%
[11:57:07] [Server-Worker-1/INFO]: Preparing spawn area: 100%
[11:57:07] [Server-Worker-2/INFO]: Preparing spawn area: 100%
[11:57:08] [Server-Worker-1/INFO]: Preparing spawn area: 100%
[11:57:08] [Server thread/INFO]: Preparing spawn area: 100%
[11:57:09] [Server-Worker-1/INFO]: Preparing spawn area: 100%
[11:57:09] [Server thread/INFO]: Preparing spawn area: 100%
[11:57:09] [Server thread/INFO]: Loaded 441 spawn chunks for world world
[11:57:09] [Server thread/INFO]: Time elapsed: 13569 ms
[11:57:09] [Server thread/INFO]: Preparing start region for dimension 'world_nether'/minecraft:the_nether
[11:57:10] [Server thread/INFO]: Preparing spawn area: 0%
[11:57:10] [Server thread/INFO]: Preparing spawn area: 2%
[11:57:10] [Server thread/INFO]: Preparing spawn area: 72%
[11:57:11] [Server-Worker-1/INFO]: Preparing spawn area: 100%
[11:57:11] [Server-Worker-2/INFO]: Preparing spawn area: 100%
[11:57:12] [Server-Worker-1/INFO]: Preparing spawn area: 100%
[11:57:12] [Server-Worker-2/INFO]: Preparing spawn area: 100%
[11:57:13] [Server-Worker-2/INFO]: Preparing spawn area: 100%
[11:57:13] [Server-Worker-2/INFO]: Preparing spawn area: 100%
[11:57:14] [Server-Worker-2/INFO]: Preparing spawn area: 100%
[11:57:14] [Server thread/INFO]: Loaded 441 spawn chunks for world world_nether
[11:57:14] [Server thread/INFO]: Time elapsed: 4812 ms
[11:57:14] [Server thread/INFO]: Preparing start region for dimension 'world_the_end'/minecraft:the_end
[11:57:14] [Server thread/INFO]: Preparing spawn area: 0%
[11:57:15] [Server-Worker-1/INFO]: Preparing spawn area: 100%
[11:57:15] [Server thread/INFO]: Preparing spawn area: 100%
[11:57:16] [Server-Worker-1/INFO]: Preparing spawn area: 100%
[11:57:16] [Server thread/INFO]: Loaded 441 spawn chunks for world world_the_end
[11:57:16] [Server thread/INFO]: Time elapsed: 1938 ms
[11:57:16] [Server thread/INFO]: Done (57.352s)! For help, type "help"
[11:57:16] [Server thread/INFO]: Timings Reset
[11:57:22] [Server thread/INFO]: Automatic saving is now disabled
[11:57:22] [Server thread/WARN]: Can't keep up! Is the server overloaded? Running 5811ms or 116 ticks behind
[11:57:24] [Server thread/INFO]: Saving the game (this may take a moment!)
[11:57:27] [Server thread/INFO]: Saved the game
[11:57:43] [Server thread/INFO]: Stopping the server
[11:57:43] [Server thread/INFO]: Stopping server
[11:57:43] [Server thread/INFO]: Saving players
[11:57:43] [Server thread/INFO]: Saving worlds
[11:57:43] [Server thread/INFO]: Saving chunks for level 'world'/minecraft:overworld
[11:57:43] [Server thread/INFO]: ThreadedAnvilChunkStorage (world): All chunks are saved
[11:57:43] [Server thread/INFO]: Saving chunks for level 'world_nether'/minecraft:the_nether
[11:57:43] [Server thread/INFO]: ThreadedAnvilChunkStorage (DIM-1): All chunks are saved
[11:57:43] [Server thread/INFO]: Saving chunks for level 'world_the_end'/minecraft:the_end
[11:57:43] [Server thread/INFO]: ThreadedAnvilChunkStorage (DIM1): All chunks are saved
[11:57:43] [Server thread/INFO]: ThreadedAnvilChunkStorage (world): All chunks are saved
[11:57:43] [Server thread/INFO]: ThreadedAnvilChunkStorage (DIM-1): All chunks are saved
[11:57:43] [Server thread/INFO]: ThreadedAnvilChunkStorage (DIM1): All chunks are saved
